# JRE version: OpenJDK Runtime Environment Temurin-17.0.3+7 (17.0.3+7) (build 17.0.3+7)
# Java VM: OpenJDK 64-Bit Server VM Temurin-17.0.3+7 (17.0.3+7, mixed mode, tiered, compressed oops, compressed class ptrs, g1 gc, windows-amd64)
GC Precious Log:
 CPUs: 8 total, 8 available
 Memory: 8107M
 Large Page Support: Disabled
 NUMA Support: Disabled
 Compressed Oops: Enabled (32-bit)
 Heap Region Size: 1M
 Heap Min Capacity: 256M
 Heap Initial Capacity: 256M
 Heap Max Capacity: 2G
 Pre-touch: Disabled
 Parallel Workers: 8
 Concurrent Workers: 2
 Concurrent Refinement Workers: 8
 Periodic GC: Disabled
 String Deduplication is enabled
Heap:
 garbage-first heap   total 332800K, used 239359K [0x0000000080000000, 0x0000000100000000)
  region size 1024K, 71 young (72704K), 12 survivors (12288K)
 Metaspace       used 99945K, committed 102528K, reserved 1138688K
  class space    used 11451K, committed 12480K, reserved 1048576K
GC Heap History (20 events):
Event: 7.584 GC heap before
{Heap before GC invocations=5 (full 0):
 garbage-first heap   total 262144K, used 77517K [0x0000000080000000, 0x0000000100000000)
  region size 1024K, 62 young (63488K), 6 survivors (6144K)
 Metaspace       used 35345K, committed 36160K, reserved 1081344K
  class space    used 3830K, committed 4160K, reserved 1048576K
}
Event: 7.612 GC heap after
{Heap after GC invocations=6 (full 0):
 garbage-first heap   total 262144K, used 28668K [0x0000000080000000, 0x0000000100000000)
  region size 1024K, 13 young (13312K), 13 survivors (13312K)
 Metaspace       used 35345K, committed 36160K, reserved 1081344K
  class space    used 3830K, committed 4160K, reserved 1048576K
}
Event: 13.169 GC heap before
{Heap before GC invocations=7 (full 0):
 garbage-first heap   total 262144K, used 182268K [0x0000000080000000, 0x0000000100000000)
  region size 1024K, 153 young (156672K), 13 survivors (13312K)
 Metaspace       used 44479K, committed 45632K, reserved 1089536K
  class space    used 4981K, committed 5440K, reserved 1048576K
}
Event: 13.213 GC heap after
{Heap after GC invocations=8 (full 0):
 garbage-first heap   total 262144K, used 50989K [0x0000000080000000, 0x0000000100000000)
  region size 1024K, 20 young (20480K), 20 survivors (20480K)
 Metaspace       used 44479K, committed 45632K, reserved 1089536K
  class space    used 4981K, committed 5440K, reserved 1048576K
}
Event: 17.892 GC heap before
{Heap before GC invocations=8 (full 0):
 garbage-first heap   total 262144K, used 158509K [0x0000000080000000, 0x0000000100000000)
  region size 1024K, 123 young (125952K), 20 survivors (20480K)
 Metaspace       used 59273K, committed 60736K, reserved 1105920K
  class space    used 6564K, committed 7104K, reserved 1048576K
}
Event: 17.923 GC heap after
{Heap after GC invocations=9 (full 0):
 garbage-first heap   total 262144K, used 62464K [0x0000000080000000, 0x0000000100000000)
  region size 1024K, 12 young (12288K), 12 survivors (12288K)
 Metaspace       used 59273K, committed 60736K, reserved 1105920K
  class space    used 6564K, committed 7104K, reserved 1048576K
}
Event: 23.751 GC heap before
{Heap before GC invocations=10 (full 0):
 garbage-first heap   total 262144K, used 175104K [0x0000000080000000, 0x0000000100000000)
  region size 1024K, 120 young (122880K), 12 survivors (12288K)
 Metaspace       used 79892K, committed 82048K, reserved 1122304K
  class space    used 9150K, committed 10048K, reserved 1048576K
}
Event: 23.787 GC heap after
{Heap after GC invocations=11 (full 0):
 garbage-first heap   total 262144K, used 80618K [0x0000000080000000, 0x0000000100000000)
  region size 1024K, 15 young (15360K), 15 survivors (15360K)
 Metaspace       used 79892K, committed 82048K, reserved 1122304K
  class space    used 9150K, committed 10048K, reserved 1048576K
}
Event: 24.492 GC heap before
{Heap before GC invocations=11 (full 0):
 garbage-first heap   total 262144K, used 181994K [0x0000000080000000, 0x0000000100000000)
  region size 1024K, 114 young (116736K), 15 survivors (15360K)
 Metaspace       used 80668K, committed 82816K, reserved 1122304K
  class space    used 9204K, committed 10048K, reserved 1048576K
}
Event: 24.526 GC heap after
{Heap after GC invocations=12 (full 0):
 garbage-first heap   total 262144K, used 93919K [0x0000000080000000, 0x0000000100000000)
  region size 1024K, 12 young (12288K), 12 survivors (12288K)
 Metaspace       used 80668K, committed 82816K, reserved 1122304K
  class space    used 9204K, committed 10048K, reserved 1048576K
}
Event: 25.072 GC heap before
{Heap before GC invocations=12 (full 0):
 garbage-first heap   total 262144K, used 194271K [0x0000000080000000, 0x0000000100000000)
  region size 1024K, 107 young (109568K), 12 survivors (12288K)
 Metaspace       used 81171K, committed 83328K, reserved 1122304K
  class space    used 9254K, committed 10112K, reserved 1048576K
}
Event: 25.101 GC heap after
{Heap after GC invocations=13 (full 0):
 garbage-first heap   total 262144K, used 110879K [0x0000000080000000, 0x0000000100000000)
  region size 1024K, 14 young (14336K), 14 survivors (14336K)
 Metaspace       used 81171K, committed 83328K, reserved 1122304K
  class space    used 9254K, committed 10112K, reserved 1048576K
}
Event: 25.975 GC heap before
{Heap before GC invocations=13 (full 0):
 garbage-first heap   total 262144K, used 196895K [0x0000000080000000, 0x0000000100000000)
  region size 1024K, 99 young (101376K), 14 survivors (14336K)
 Metaspace       used 83952K, committed 86144K, reserved 1130496K
  class space    used 9515K, committed 10368K, reserved 1048576K
}
Event: 25.996 GC heap after
{Heap after GC invocations=14 (full 0):
 garbage-first heap   total 332800K, used 124928K [0x0000000080000000, 0x0000000100000000)
  region size 1024K, 13 young (13312K), 13 survivors (13312K)
 Metaspace       used 83952K, committed 86144K, reserved 1130496K
  class space    used 9515K, committed 10368K, reserved 1048576K
}
Event: 28.659 GC heap before
{Heap before GC invocations=14 (full 0):
 garbage-first heap   total 332800K, used 251904K [0x0000000080000000, 0x0000000100000000)
  region size 1024K, 135 young (138240K), 13 survivors (13312K)
 Metaspace       used 89706K, committed 92032K, reserved 1130496K
  class space    used 10126K, committed 11008K, reserved 1048576K
}
Event: 28.707 GC heap after
{Heap after GC invocations=15 (full 0):
 garbage-first heap   total 332800K, used 147382K [0x0000000080000000, 0x0000000100000000)
  region size 1024K, 17 young (17408K), 17 survivors (17408K)
 Metaspace       used 89706K, committed 92032K, reserved 1130496K
  class space    used 10126K, committed 11008K, reserved 1048576K
}
Event: 31.368 GC heap before
{Heap before GC invocations=15 (full 0):
 garbage-first heap   total 332800K, used 256950K [0x0000000080000000, 0x0000000100000000)
  region size 1024K, 121 young (123904K), 17 survivors (17408K)
 Metaspace       used 98109K, committed 100736K, reserved 1138688K
  class space    used 11224K, committed 12288K, reserved 1048576K
}
Event: 31.400 GC heap after
{Heap after GC invocations=16 (full 0):
 garbage-first heap   total 332800K, used 168615K [0x0000000080000000, 0x0000000100000000)
  region size 1024K, 16 young (16384K), 16 survivors (16384K)
 Metaspace       used 98109K, committed 100736K, reserved 1138688K
  class space    used 11224K, committed 12288K, reserved 1048576K
}
Event: 32.103 GC heap before
{Heap before GC invocations=16 (full 0):
 garbage-first heap   total 332800K, used 254631K [0x0000000080000000, 0x0000000100000000)
  region size 1024K, 101 young (103424K), 16 survivors (16384K)
 Metaspace       used 99063K, committed 101696K, reserved 1138688K
  class space    used 11359K, committed 12416K, reserved 1048576K
}
Event: 32.138 GC heap after
{Heap after GC invocations=17 (full 0):
 garbage-first heap   total 332800K, used 182015K [0x0000000080000000, 0x0000000100000000)
  region size 1024K, 12 young (12288K), 12 survivors (12288K)
 Metaspace       used 99063K, committed 101696K, reserved 1138688K
  class space    used 11359K, committed 12416K, reserved 1048576K
}

