# JRE version: OpenJDK Runtime Environment Temurin-17.0.3+7 (17.0.3+7) (build 17.0.3+7)
# Java VM: OpenJDK 64-Bit Server VM Temurin-17.0.3+7 (17.0.3+7, mixed mode, tiered, compressed oops, compressed class ptrs, g1 gc, windows-amd64)
GC Precious Log:
 CPUs: 8 total, 8 available
 Memory: 8107M
 Large Page Support: Disabled
 NUMA Support: Disabled
 Compressed Oops: Enabled (32-bit)
 Heap Region Size: 1M
 Heap Min Capacity: 256M
 Heap Initial Capacity: 256M
 Heap Max Capacity: 2G
 Pre-touch: Disabled
 Parallel Workers: 8
 Concurrent Workers: 2
 Concurrent Refinement Workers: 8
 Periodic GC: Disabled
 String Deduplication is enabled
Heap:
 garbage-first heap   total 389120K, used 216352K [0x0000000080000000, 0x0000000100000000)
  region size 1024K, 3 young (3072K), 3 survivors (3072K)
 Metaspace       used 102496K, committed 105216K, reserved 1146880K
  class space    used 11739K, committed 12864K, reserved 1048576K
GC Heap History (20 events):
Event: 24.276 GC heap after
{Heap after GC invocations=12 (full 0):
 garbage-first heap   total 262144K, used 94808K [0x0000000080000000, 0x0000000100000000)
  region size 1024K, 12 young (12288K), 12 survivors (12288K)
 Metaspace       used 80631K, committed 82880K, reserved 1122304K
  class space    used 9203K, committed 10112K, reserved 1048576K
}
Event: 24.826 GC heap before
{Heap before GC invocations=12 (full 0):
 garbage-first heap   total 262144K, used 194136K [0x0000000080000000, 0x0000000100000000)
  region size 1024K, 106 young (108544K), 12 survivors (12288K)
 Metaspace       used 81110K, committed 83328K, reserved 1130496K
  class space    used 9254K, committed 10176K, reserved 1048576K
}
Event: 24.850 GC heap after
{Heap after GC invocations=13 (full 0):
 garbage-first heap   total 262144K, used 110797K [0x0000000080000000, 0x0000000100000000)
  region size 1024K, 13 young (13312K), 13 survivors (13312K)
 Metaspace       used 81110K, committed 83328K, reserved 1130496K
  class space    used 9254K, committed 10176K, reserved 1048576K
}
Event: 25.553 GC heap before
{Heap before GC invocations=13 (full 0):
 garbage-first heap   total 262144K, used 196813K [0x0000000080000000, 0x0000000100000000)
  region size 1024K, 98 young (100352K), 13 survivors (13312K)
 Metaspace       used 84016K, committed 86272K, reserved 1130496K
  class space    used 9523K, committed 10432K, reserved 1048576K
}
Event: 25.586 GC heap after
{Heap after GC invocations=14 (full 0):
 garbage-first heap   total 262144K, used 127803K [0x0000000080000000, 0x0000000100000000)
  region size 1024K, 13 young (13312K), 13 survivors (13312K)
 Metaspace       used 84016K, committed 86272K, reserved 1130496K
  class space    used 9523K, committed 10432K, reserved 1048576K
}
Event: 26.211 GC heap before
{Heap before GC invocations=14 (full 0):
 garbage-first heap   total 262144K, used 202555K [0x0000000080000000, 0x0000000100000000)
  region size 1024K, 85 young (87040K), 13 survivors (13312K)
 Metaspace       used 86351K, committed 88640K, reserved 1130496K
  class space    used 9736K, committed 10624K, reserved 1048576K
}
Event: 26.232 GC heap after
{Heap after GC invocations=15 (full 0):
 garbage-first heap   total 365568K, used 140288K [0x0000000080000000, 0x0000000100000000)
  region size 1024K, 11 young (11264K), 11 survivors (11264K)
 Metaspace       used 86351K, committed 88640K, reserved 1130496K
  class space    used 9736K, committed 10624K, reserved 1048576K
}
Event: 27.792 GC heap before
{Heap before GC invocations=15 (full 0):
 garbage-first heap   total 365568K, used 278528K [0x0000000080000000, 0x0000000100000000)
  region size 1024K, 142 young (145408K), 11 survivors (11264K)
 Metaspace       used 94644K, committed 97216K, reserved 1138688K
  class space    used 10743K, committed 11840K, reserved 1048576K
}
Event: 27.827 GC heap after
{Heap after GC invocations=16 (full 0):
 garbage-first heap   total 365568K, used 167522K [0x0000000080000000, 0x0000000100000000)
  region size 1024K, 18 young (18432K), 18 survivors (18432K)
 Metaspace       used 94644K, committed 97216K, reserved 1138688K
  class space    used 10743K, committed 11840K, reserved 1048576K
}
Event: 28.922 GC heap before
{Heap before GC invocations=16 (full 0):
 garbage-first heap   total 365568K, used 261730K [0x0000000080000000, 0x0000000100000000)
  region size 1024K, 111 young (113664K), 18 survivors (18432K)
 Metaspace       used 99950K, committed 102528K, reserved 1146880K
  class space    used 11449K, committed 12544K, reserved 1048576K
}
Event: 28.961 GC heap after
{Heap after GC invocations=17 (full 0):
 garbage-first heap   total 365568K, used 186713K [0x0000000080000000, 0x0000000100000000)
  region size 1024K, 16 young (16384K), 16 survivors (16384K)
 Metaspace       used 99950K, committed 102528K, reserved 1146880K
  class space    used 11449K, committed 12544K, reserved 1048576K
}
Event: 30.119 GC heap before
{Heap before GC invocations=18 (full 0):
 garbage-first heap   total 365568K, used 283993K [0x0000000080000000, 0x0000000100000000)
  region size 1024K, 111 young (113664K), 16 survivors (16384K)
 Metaspace       used 101022K, committed 103744K, reserved 1146880K
  class space    used 11599K, committed 12736K, reserved 1048576K
}
Event: 30.151 GC heap after
{Heap after GC invocations=19 (full 0):
 garbage-first heap   total 365568K, used 198403K [0x0000000080000000, 0x0000000100000000)
  region size 1024K, 10 young (10240K), 10 survivors (10240K)
 Metaspace       used 101022K, committed 103744K, reserved 1146880K
  class space    used 11599K, committed 12736K, reserved 1048576K
}
Event: 30.186 GC heap before
{Heap before GC invocations=19 (full 0):
 garbage-first heap   total 365568K, used 204547K [0x0000000080000000, 0x0000000100000000)
  region size 1024K, 17 young (17408K), 10 survivors (10240K)
 Metaspace       used 101023K, committed 103744K, reserved 1146880K
  class space    used 11599K, committed 12736K, reserved 1048576K
}
Event: 30.204 GC heap after
{Heap after GC invocations=20 (full 0):
 garbage-first heap   total 365568K, used 196357K [0x0000000080000000, 0x0000000100000000)
  region size 1024K, 2 young (2048K), 2 survivors (2048K)
 Metaspace       used 101023K, committed 103744K, reserved 1146880K
  class space    used 11599K, committed 12736K, reserved 1048576K
}
Event: 31.139 GC heap before
{Heap before GC invocations=20 (full 0):
 garbage-first heap   total 365568K, used 289541K [0x0000000080000000, 0x0000000100000000)
  region size 1024K, 94 young (96256K), 2 survivors (2048K)
 Metaspace       used 101586K, committed 104256K, reserved 1146880K
  class space    used 11638K, committed 12736K, reserved 1048576K
}
Event: 31.170 GC heap after
{Heap after GC invocations=21 (full 0):
 garbage-first heap   total 365568K, used 209920K [0x0000000080000000, 0x0000000100000000)
  region size 1024K, 12 young (12288K), 12 survivors (12288K)
 Metaspace       used 101586K, committed 104256K, reserved 1146880K
  class space    used 11638K, committed 12736K, reserved 1048576K
}
Event: 32.283 GC heap before
{Heap before GC invocations=22 (full 0):
 garbage-first heap   total 389120K, used 287744K [0x0000000080000000, 0x0000000100000000)
  region size 1024K, 93 young (95232K), 12 survivors (12288K)
 Metaspace       used 102470K, committed 105152K, reserved 1146880K
  class space    used 11736K, committed 12864K, reserved 1048576K
}
Event: 32.310 GC heap after
{Heap after GC invocations=23 (full 0):
 garbage-first heap   total 389120K, used 217312K [0x0000000080000000, 0x0000000100000000)
  region size 1024K, 12 young (12288K), 12 survivors (12288K)
 Metaspace       used 102470K, committed 105152K, reserved 1146880K
  class space    used 11736K, committed 12864K, reserved 1048576K
}
Event: 32.394 GC heap before
{Heap before GC invocations=23 (full 0):
 garbage-first heap   total 389120K, used 223456K [0x0000000080000000, 0x0000000100000000)
  region size 1024K, 19 young (19456K), 12 survivors (12288K)
 Metaspace       used 102496K, committed 105216K, reserved 1146880K
  class space    used 11739K, committed 12864K, reserved 1048576K
}

