# JRE version: OpenJDK Runtime Environment Temurin-17.0.3+7 (17.0.3+7) (build 17.0.3+7)
# Java VM: OpenJDK 64-Bit Server VM Temurin-17.0.3+7 (17.0.3+7, mixed mode, tiered, compressed oops, compressed class ptrs, g1 gc, windows-amd64)
GC Precious Log:
 CPUs: 8 total, 8 available
 Memory: 8107M
 Large Page Support: Disabled
 NUMA Support: Disabled
 Compressed Oops: Enabled (32-bit)
 Heap Region Size: 1M
 Heap Min Capacity: 256M
 Heap Initial Capacity: 256M
 Heap Max Capacity: 2G
 Pre-touch: Disabled
 Parallel Workers: 8
 Concurrent Workers: 2
 Concurrent Refinement Workers: 8
 Periodic GC: Disabled
 String Deduplication is enabled
Heap:
 garbage-first heap   total 589824K, used 289645K [0x0000000080000000, 0x0000000100000000)
  region size 1024K, 26 young (26624K), 26 survivors (26624K)
 Metaspace       used 102800K, committed 105024K, reserved 1146880K
  class space    used 11612K, committed 12608K, reserved 1048576K
GC Heap History (20 events):
Event: 22.138 GC heap after
{Heap after GC invocations=9 (full 0):
 garbage-first heap   total 262144K, used 63191K [0x0000000080000000, 0x0000000100000000)
  region size 1024K, 14 young (14336K), 14 survivors (14336K)
 Metaspace       used 59726K, committed 61056K, reserved 1105920K
  class space    used 6587K, committed 7104K, reserved 1048576K
}
Event: 26.434 GC heap before
{Heap before GC invocations=10 (full 0):
 garbage-first heap   total 262144K, used 174807K [0x0000000080000000, 0x0000000100000000)
  region size 1024K, 121 young (123904K), 14 survivors (14336K)
 Metaspace       used 78047K, committed 79808K, reserved 1122304K
  class space    used 8921K, committed 9600K, reserved 1048576K
}
Event: 26.460 GC heap after
{Heap after GC invocations=11 (full 0):
 garbage-first heap   total 262144K, used 76138K [0x0000000080000000, 0x0000000100000000)
  region size 1024K, 12 young (12288K), 12 survivors (12288K)
 Metaspace       used 78047K, committed 79808K, reserved 1122304K
  class space    used 8921K, committed 9600K, reserved 1048576K
}
Event: 27.355 GC heap before
{Heap before GC invocations=12 (full 0):
 garbage-first heap   total 262144K, used 184682K [0x0000000080000000, 0x0000000100000000)
  region size 1024K, 118 young (120832K), 12 survivors (12288K)
 Metaspace       used 78617K, committed 80320K, reserved 1122304K
  class space    used 8976K, committed 9664K, reserved 1048576K
}
Event: 27.380 GC heap after
{Heap after GC invocations=13 (full 0):
 garbage-first heap   total 262144K, used 85330K [0x0000000080000000, 0x0000000100000000)
  region size 1024K, 10 young (10240K), 10 survivors (10240K)
 Metaspace       used 78617K, committed 80320K, reserved 1122304K
  class space    used 8976K, committed 9664K, reserved 1048576K
}
Event: 27.398 GC heap before
{Heap before GC invocations=13 (full 0):
 garbage-first heap   total 262144K, used 87378K [0x0000000080000000, 0x0000000100000000)
  region size 1024K, 12 young (12288K), 10 survivors (10240K)
 Metaspace       used 78627K, committed 80320K, reserved 1122304K
  class space    used 8976K, committed 9664K, reserved 1048576K
}
Event: 27.425 GC heap after
{Heap after GC invocations=14 (full 0):
 garbage-first heap   total 262144K, used 85683K [0x0000000080000000, 0x0000000100000000)
  region size 1024K, 2 young (2048K), 2 survivors (2048K)
 Metaspace       used 78627K, committed 80320K, reserved 1122304K
  class space    used 8976K, committed 9664K, reserved 1048576K
}
Event: 29.788 GC heap before
{Heap before GC invocations=14 (full 0):
 garbage-first heap   total 262144K, used 196275K [0x0000000080000000, 0x0000000100000000)
  region size 1024K, 107 young (109568K), 2 survivors (2048K)
 Metaspace       used 87650K, committed 89536K, reserved 1130496K
  class space    used 9938K, committed 10688K, reserved 1048576K
}
Event: 29.814 GC heap after
{Heap after GC invocations=15 (full 0):
 garbage-first heap   total 589824K, used 105922K [0x0000000080000000, 0x0000000100000000)
  region size 1024K, 14 young (14336K), 14 survivors (14336K)
 Metaspace       used 87650K, committed 89536K, reserved 1130496K
  class space    used 9938K, committed 10688K, reserved 1048576K
}
Event: 33.439 GC heap before
{Heap before GC invocations=15 (full 0):
 garbage-first heap   total 589824K, used 410050K [0x0000000080000000, 0x0000000100000000)
  region size 1024K, 306 young (313344K), 14 survivors (14336K)
 Metaspace       used 92079K, committed 94080K, reserved 1138688K
  class space    used 10274K, committed 11072K, reserved 1048576K
}
Event: 33.526 GC heap after
{Heap after GC invocations=16 (full 0):
 garbage-first heap   total 589824K, used 147688K [0x0000000080000000, 0x0000000100000000)
  region size 1024K, 39 young (39936K), 39 survivors (39936K)
 Metaspace       used 92079K, committed 94080K, reserved 1138688K
  class space    used 10274K, committed 11072K, reserved 1048576K
}
Event: 33.829 GC heap before
{Heap before GC invocations=16 (full 0):
 garbage-first heap   total 589824K, used 196840K [0x0000000080000000, 0x0000000100000000)
  region size 1024K, 87 young (89088K), 39 survivors (39936K)
 Metaspace       used 92510K, committed 94464K, reserved 1138688K
  class space    used 10327K, committed 11072K, reserved 1048576K
}
Event: 33.978 GC heap after
{Heap after GC invocations=17 (full 0):
 garbage-first heap   total 589824K, used 158043K [0x0000000080000000, 0x0000000100000000)
  region size 1024K, 10 young (10240K), 10 survivors (10240K)
 Metaspace       used 92510K, committed 94464K, reserved 1138688K
  class space    used 10327K, committed 11072K, reserved 1048576K
}
Event: 36.682 GC heap before
{Heap before GC invocations=17 (full 0):
 garbage-first heap   total 589824K, used 425307K [0x0000000080000000, 0x0000000100000000)
  region size 1024K, 259 young (265216K), 10 survivors (10240K)
 Metaspace       used 98390K, committed 100544K, reserved 1138688K
  class space    used 11043K, committed 11968K, reserved 1048576K
}
Event: 36.902 GC heap after
{Heap after GC invocations=18 (full 0):
 garbage-first heap   total 589824K, used 209920K [0x0000000080000000, 0x0000000100000000)
  region size 1024K, 33 young (33792K), 33 survivors (33792K)
 Metaspace       used 98390K, committed 100544K, reserved 1138688K
  class space    used 11043K, committed 11968K, reserved 1048576K
}
Event: 37.208 GC heap before
{Heap before GC invocations=18 (full 0):
 garbage-first heap   total 589824K, used 246784K [0x0000000080000000, 0x0000000100000000)
  region size 1024K, 69 young (70656K), 33 survivors (33792K)
 Metaspace       used 98401K, committed 100544K, reserved 1138688K
  class space    used 11043K, committed 11968K, reserved 1048576K
}
Event: 37.276 GC heap after
{Heap after GC invocations=19 (full 0):
 garbage-first heap   total 589824K, used 220672K [0x0000000080000000, 0x0000000100000000)
  region size 1024K, 9 young (9216K), 9 survivors (9216K)
 Metaspace       used 98401K, committed 100544K, reserved 1138688K
  class space    used 11043K, committed 11968K, reserved 1048576K
}
Event: 38.547 GC heap before
{Heap before GC invocations=19 (full 0):
 garbage-first heap   total 589824K, used 373248K [0x0000000080000000, 0x0000000100000000)
  region size 1024K, 158 young (161792K), 9 survivors (9216K)
 Metaspace       used 98759K, committed 100992K, reserved 1138688K
  class space    used 11091K, committed 12032K, reserved 1048576K
}
Event: 38.609 GC heap after
{Heap after GC invocations=20 (full 0):
 garbage-first heap   total 589824K, used 247296K [0x0000000080000000, 0x0000000100000000)
  region size 1024K, 20 young (20480K), 20 survivors (20480K)
 Metaspace       used 98759K, committed 100992K, reserved 1138688K
  class space    used 11091K, committed 12032K, reserved 1048576K
}
Event: 40.415 GC heap before
{Heap before GC invocations=20 (full 0):
 garbage-first heap   total 589824K, used 435712K [0x0000000080000000, 0x0000000100000000)
  region size 1024K, 201 young (205824K), 20 survivors (20480K)
 Metaspace       used 102800K, committed 105024K, reserved 1146880K
  class space    used 11612K, committed 12608K, reserved 1048576K
}

