# JRE version: OpenJDK Runtime Environment Temurin-17.0.3+7 (17.0.3+7) (build 17.0.3+7)
# Java VM: OpenJDK 64-Bit Server VM Temurin-17.0.3+7 (17.0.3+7, mixed mode, tiered, compressed oops, compressed class ptrs, g1 gc, windows-amd64)
GC Precious Log:
 CPUs: 8 total, 8 available
 Memory: 8107M
 Large Page Support: Disabled
 NUMA Support: Disabled
 Compressed Oops: Enabled (32-bit)
 Heap Region Size: 1M
 Heap Min Capacity: 256M
 Heap Initial Capacity: 256M
 Heap Max Capacity: 2G
 Pre-touch: Disabled
 Parallel Workers: 8
 Concurrent Workers: 2
 Concurrent Refinement Workers: 8
 Periodic GC: Disabled
 String Deduplication is enabled
Heap:
 garbage-first heap   total 532480K, used 243113K [0x0000000080000000, 0x0000000100000000)
  region size 1024K, 66 young (67584K), 1 survivors (1024K)
 Metaspace       used 170517K, committed 174080K, reserved 1204224K
  class space    used 19119K, committed 20608K, reserved 1048576K
GC Heap History (20 events):
Event: 10340.434 GC heap before
{Heap before GC invocations=109 (full 0):
 garbage-first heap   total 532480K, used 342930K [0x0000000080000000, 0x0000000100000000)
  region size 1024K, 140 young (143360K), 3 survivors (3072K)
 Metaspace       used 167894K, committed 171328K, reserved 1204224K
  class space    used 18802K, committed 20224K, reserved 1048576K
}
Event: 10340.447 GC heap after
{Heap after GC invocations=110 (full 0):
 garbage-first heap   total 532480K, used 204565K [0x0000000080000000, 0x0000000100000000)
  region size 1024K, 5 young (5120K), 5 survivors (5120K)
 Metaspace       used 167894K, committed 171328K, reserved 1204224K
  class space    used 18802K, committed 20224K, reserved 1048576K
}
Event: 10442.662 GC heap before
{Heap before GC invocations=111 (full 0):
 garbage-first heap   total 532480K, used 343829K [0x0000000080000000, 0x0000000100000000)
  region size 1024K, 155 young (158720K), 5 survivors (5120K)
 Metaspace       used 167975K, committed 171392K, reserved 1204224K
  class space    used 18806K, committed 20224K, reserved 1048576K
}
Event: 10442.685 GC heap after
{Heap after GC invocations=112 (full 0):
 garbage-first heap   total 532480K, used 196394K [0x0000000080000000, 0x0000000100000000)
  region size 1024K, 10 young (10240K), 10 survivors (10240K)
 Metaspace       used 167975K, committed 171392K, reserved 1204224K
  class space    used 18806K, committed 20224K, reserved 1048576K
}
Event: 10443.132 GC heap before
{Heap before GC invocations=112 (full 0):
 garbage-first heap   total 532480K, used 211754K [0x0000000080000000, 0x0000000100000000)
  region size 1024K, 26 young (26624K), 10 survivors (10240K)
 Metaspace       used 167979K, committed 171392K, reserved 1204224K
  class space    used 18806K, committed 20224K, reserved 1048576K
}
Event: 10443.151 GC heap after
{Heap after GC invocations=113 (full 0):
 garbage-first heap   total 532480K, used 177976K [0x0000000080000000, 0x0000000100000000)
  region size 1024K, 4 young (4096K), 4 survivors (4096K)
 Metaspace       used 167979K, committed 171392K, reserved 1204224K
  class space    used 18806K, committed 20224K, reserved 1048576K
}
Event: 10443.190 GC heap before
{Heap before GC invocations=113 (full 0):
 garbage-first heap   total 532480K, used 182072K [0x0000000080000000, 0x0000000100000000)
  region size 1024K, 10 young (10240K), 4 survivors (4096K)
 Metaspace       used 167979K, committed 171392K, reserved 1204224K
  class space    used 18806K, committed 20224K, reserved 1048576K
}
Event: 10443.197 GC heap after
{Heap after GC invocations=114 (full 0):
 garbage-first heap   total 532480K, used 182564K [0x0000000080000000, 0x0000000100000000)
  region size 1024K, 9 young (9216K), 9 survivors (9216K)
 Metaspace       used 167979K, committed 171392K, reserved 1204224K
  class space    used 18806K, committed 20224K, reserved 1048576K
}
Event: 11513.536 GC heap before
{Heap before GC invocations=115 (full 0):
 garbage-first heap   total 532480K, used 338212K [0x0000000080000000, 0x0000000100000000)
  region size 1024K, 160 young (163840K), 9 survivors (9216K)
 Metaspace       used 168125K, committed 171648K, reserved 1204224K
  class space    used 18810K, committed 20224K, reserved 1048576K
}
Event: 11513.695 GC heap after
{Heap after GC invocations=116 (full 0):
 garbage-first heap   total 532480K, used 191818K [0x0000000080000000, 0x0000000100000000)
  region size 1024K, 16 young (16384K), 16 survivors (16384K)
 Metaspace       used 168125K, committed 171648K, reserved 1204224K
  class space    used 18810K, committed 20224K, reserved 1048576K
}
Event: 11667.741 GC heap before
{Heap before GC invocations=116 (full 0):
 garbage-first heap   total 532480K, used 202058K [0x0000000080000000, 0x0000000100000000)
  region size 1024K, 26 young (26624K), 16 survivors (16384K)
 Metaspace       used 168151K, committed 171648K, reserved 1204224K
  class space    used 18810K, committed 20224K, reserved 1048576K
}
Event: 11667.915 GC heap after
{Heap after GC invocations=117 (full 0):
 garbage-first heap   total 532480K, used 180776K [0x0000000080000000, 0x0000000100000000)
  region size 1024K, 3 young (3072K), 3 survivors (3072K)
 Metaspace       used 168151K, committed 171648K, reserved 1204224K
  class space    used 18810K, committed 20224K, reserved 1048576K
}
Event: 11810.257 GC heap before
{Heap before GC invocations=117 (full 0):
 garbage-first heap   total 532480K, used 234024K [0x0000000080000000, 0x0000000100000000)
  region size 1024K, 57 young (58368K), 3 survivors (3072K)
 Metaspace       used 169929K, committed 173440K, reserved 1204224K
  class space    used 19037K, committed 20480K, reserved 1048576K
}
Event: 11810.303 GC heap after
{Heap after GC invocations=118 (full 0):
 garbage-first heap   total 532480K, used 190893K [0x0000000080000000, 0x0000000100000000)
  region size 1024K, 13 young (13312K), 13 survivors (13312K)
 Metaspace       used 169929K, committed 173440K, reserved 1204224K
  class space    used 19037K, committed 20480K, reserved 1048576K
}
Event: 11818.528 GC heap before
{Heap before GC invocations=119 (full 0):
 garbage-first heap   total 532480K, used 308653K [0x0000000080000000, 0x0000000100000000)
  region size 1024K, 131 young (134144K), 13 survivors (13312K)
 Metaspace       used 170243K, committed 173760K, reserved 1204224K
  class space    used 19075K, committed 20544K, reserved 1048576K
}
Event: 11818.563 GC heap after
{Heap after GC invocations=120 (full 0):
 garbage-first heap   total 532480K, used 193763K [0x0000000080000000, 0x0000000100000000)
  region size 1024K, 8 young (8192K), 8 survivors (8192K)
 Metaspace       used 170243K, committed 173760K, reserved 1204224K
  class space    used 19075K, committed 20544K, reserved 1048576K
}
Event: 11818.951 GC heap before
{Heap before GC invocations=120 (full 0):
 garbage-first heap   total 532480K, used 212195K [0x0000000080000000, 0x0000000100000000)
  region size 1024K, 26 young (26624K), 8 survivors (8192K)
 Metaspace       used 170243K, committed 173760K, reserved 1204224K
  class space    used 19075K, committed 20544K, reserved 1048576K
}
Event: 11818.985 GC heap after
{Heap after GC invocations=121 (full 0):
 garbage-first heap   total 532480K, used 184360K [0x0000000080000000, 0x0000000100000000)
  region size 1024K, 2 young (2048K), 2 survivors (2048K)
 Metaspace       used 170243K, committed 173760K, reserved 1204224K
  class space    used 19075K, committed 20544K, reserved 1048576K
}
Event: 11819.138 GC heap before
{Heap before GC invocations=121 (full 0):
 garbage-first heap   total 532480K, used 188456K [0x0000000080000000, 0x0000000100000000)
  region size 1024K, 7 young (7168K), 2 survivors (2048K)
 Metaspace       used 170256K, committed 173824K, reserved 1204224K
  class space    used 19076K, committed 20544K, reserved 1048576K
}
Event: 11819.142 GC heap after
{Heap after GC invocations=122 (full 0):
 garbage-first heap   total 532480K, used 183571K [0x0000000080000000, 0x0000000100000000)
  region size 1024K, 1 young (1024K), 1 survivors (1024K)
 Metaspace       used 170256K, committed 173824K, reserved 1204224K
  class space    used 19076K, committed 20544K, reserved 1048576K
}

