# JRE version: OpenJDK Runtime Environment Temurin-17.0.3+7 (17.0.3+7) (build 17.0.3+7)
# Java VM: OpenJDK 64-Bit Server VM Temurin-17.0.3+7 (17.0.3+7, mixed mode, tiered, compressed oops, compressed class ptrs, g1 gc, windows-amd64)
GC Precious Log:
 CPUs: 8 total, 8 available
 Memory: 8107M
 Large Page Support: Disabled
 NUMA Support: Disabled
 Compressed Oops: Enabled (32-bit)
 Heap Region Size: 1M
 Heap Min Capacity: 256M
 Heap Initial Capacity: 256M
 Heap Max Capacity: 2G
 Pre-touch: Disabled
 Parallel Workers: 8
 Concurrent Workers: 2
 Concurrent Refinement Workers: 8
 Periodic GC: Disabled
 String Deduplication is enabled
Heap:
 garbage-first heap   total 362496K, used 207485K [0x0000000080000000, 0x0000000100000000)
  region size 1024K, 12 young (12288K), 12 survivors (12288K)
 Metaspace       used 96610K, committed 99072K, reserved 1138688K
  class space    used 10937K, committed 12032K, reserved 1048576K
GC Heap History (20 events):
Event: 27.428 GC heap after
{Heap after GC invocations=12 (full 0):
 garbage-first heap   total 262144K, used 86690K [0x0000000080000000, 0x0000000100000000)
  region size 1024K, 15 young (15360K), 15 survivors (15360K)
 Metaspace       used 79522K, committed 81664K, reserved 1122304K
  class space    used 9107K, committed 9984K, reserved 1048576K
}
Event: 27.440 GC heap before
{Heap before GC invocations=12 (full 0):
 garbage-first heap   total 262144K, used 87714K [0x0000000080000000, 0x0000000100000000)
  region size 1024K, 16 young (16384K), 15 survivors (15360K)
 Metaspace       used 79537K, committed 81664K, reserved 1122304K
  class space    used 9108K, committed 9984K, reserved 1048576K
}
Event: 27.465 GC heap after
{Heap after GC invocations=13 (full 0):
 garbage-first heap   total 262144K, used 88401K [0x0000000080000000, 0x0000000100000000)
  region size 1024K, 2 young (2048K), 2 survivors (2048K)
 Metaspace       used 79537K, committed 81664K, reserved 1122304K
  class space    used 9108K, committed 9984K, reserved 1048576K
}
Event: 28.104 GC heap before
{Heap before GC invocations=13 (full 0):
 garbage-first heap   total 262144K, used 187729K [0x0000000080000000, 0x0000000100000000)
  region size 1024K, 100 young (102400K), 2 survivors (2048K)
 Metaspace       used 80229K, committed 82368K, reserved 1122304K
  class space    used 9188K, committed 10048K, reserved 1048576K
}
Event: 28.121 GC heap after
{Heap after GC invocations=14 (full 0):
 garbage-first heap   total 262144K, used 96473K [0x0000000080000000, 0x0000000100000000)
  region size 1024K, 10 young (10240K), 10 survivors (10240K)
 Metaspace       used 80229K, committed 82368K, reserved 1122304K
  class space    used 9188K, committed 10048K, reserved 1048576K
}
Event: 28.837 GC heap before
{Heap before GC invocations=14 (full 0):
 garbage-first heap   total 262144K, used 196825K [0x0000000080000000, 0x0000000100000000)
  region size 1024K, 105 young (107520K), 10 survivors (10240K)
 Metaspace       used 81155K, committed 83328K, reserved 1130496K
  class space    used 9274K, committed 10176K, reserved 1048576K
}
Event: 28.858 GC heap after
{Heap after GC invocations=15 (full 0):
 garbage-first heap   total 262144K, used 105854K [0x0000000080000000, 0x0000000100000000)
  region size 1024K, 8 young (8192K), 8 survivors (8192K)
 Metaspace       used 81155K, committed 83328K, reserved 1130496K
  class space    used 9274K, committed 10176K, reserved 1048576K
}
Event: 29.753 GC heap before
{Heap before GC invocations=15 (full 0):
 garbage-first heap   total 262144K, used 199038K [0x0000000080000000, 0x0000000100000000)
  region size 1024K, 99 young (101376K), 8 survivors (8192K)
 Metaspace       used 83255K, committed 85440K, reserved 1130496K
  class space    used 9474K, committed 10368K, reserved 1048576K
}
Event: 29.775 GC heap after
{Heap after GC invocations=16 (full 0):
 garbage-first heap   total 315392K, used 120462K [0x0000000080000000, 0x0000000100000000)
  region size 1024K, 13 young (13312K), 13 survivors (13312K)
 Metaspace       used 83255K, committed 85440K, reserved 1130496K
  class space    used 9474K, committed 10368K, reserved 1048576K
}
Event: 30.917 GC heap before
{Heap before GC invocations=16 (full 0):
 garbage-first heap   total 315392K, used 239246K [0x0000000080000000, 0x0000000100000000)
  region size 1024K, 129 young (132096K), 13 survivors (13312K)
 Metaspace       used 87585K, committed 89920K, reserved 1130496K
  class space    used 9889K, committed 10816K, reserved 1048576K
}
Event: 30.941 GC heap after
{Heap after GC invocations=17 (full 0):
 garbage-first heap   total 315392K, used 142336K [0x0000000080000000, 0x0000000100000000)
  region size 1024K, 17 young (17408K), 17 survivors (17408K)
 Metaspace       used 87585K, committed 89920K, reserved 1130496K
  class space    used 9889K, committed 10816K, reserved 1048576K
}
Event: 31.650 GC heap before
{Heap before GC invocations=17 (full 0):
 garbage-first heap   total 315392K, used 242688K [0x0000000080000000, 0x0000000100000000)
  region size 1024K, 115 young (117760K), 17 survivors (17408K)
 Metaspace       used 92469K, committed 94976K, reserved 1138688K
  class space    used 10443K, committed 11520K, reserved 1048576K
}
Event: 31.673 GC heap after
{Heap after GC invocations=18 (full 0):
 garbage-first heap   total 315392K, used 159744K [0x0000000080000000, 0x0000000100000000)
  region size 1024K, 15 young (15360K), 15 survivors (15360K)
 Metaspace       used 92469K, committed 94976K, reserved 1138688K
  class space    used 10443K, committed 11520K, reserved 1048576K
}
Event: 32.302 GC heap before
{Heap before GC invocations=18 (full 0):
 garbage-first heap   total 315392K, used 245760K [0x0000000080000000, 0x0000000100000000)
  region size 1024K, 100 young (102400K), 15 survivors (15360K)
 Metaspace       used 94582K, committed 97088K, reserved 1138688K
  class space    used 10707K, committed 11776K, reserved 1048576K
}
Event: 32.326 GC heap after
{Heap after GC invocations=19 (full 0):
 garbage-first heap   total 315392K, used 176546K [0x0000000080000000, 0x0000000100000000)
  region size 1024K, 13 young (13312K), 13 survivors (13312K)
 Metaspace       used 94582K, committed 97088K, reserved 1138688K
  class space    used 10707K, committed 11776K, reserved 1048576K
}
Event: 33.137 GC heap before
{Heap before GC invocations=20 (full 0):
 garbage-first heap   total 362496K, used 247202K [0x0000000080000000, 0x0000000100000000)
  region size 1024K, 81 young (82944K), 13 survivors (13312K)
 Metaspace       used 95735K, committed 98240K, reserved 1138688K
  class space    used 10826K, committed 11904K, reserved 1048576K
}
Event: 33.210 GC heap after
{Heap after GC invocations=21 (full 0):
 garbage-first heap   total 362496K, used 193291K [0x0000000080000000, 0x0000000100000000)
  region size 1024K, 11 young (11264K), 11 survivors (11264K)
 Metaspace       used 95735K, committed 98240K, reserved 1138688K
  class space    used 10826K, committed 11904K, reserved 1048576K
}
Event: 33.254 GC heap before
{Heap before GC invocations=21 (full 0):
 garbage-first heap   total 362496K, used 199435K [0x0000000080000000, 0x0000000100000000)
  region size 1024K, 17 young (17408K), 11 survivors (11264K)
 Metaspace       used 95825K, committed 98304K, reserved 1138688K
  class space    used 10832K, committed 11904K, reserved 1048576K
}
Event: 33.273 GC heap after
{Heap after GC invocations=22 (full 0):
 garbage-first heap   total 362496K, used 193460K [0x0000000080000000, 0x0000000100000000)
  region size 1024K, 3 young (3072K), 3 survivors (3072K)
 Metaspace       used 95825K, committed 98304K, reserved 1138688K
  class space    used 10832K, committed 11904K, reserved 1048576K
}
Event: 33.944 GC heap before
{Heap before GC invocations=22 (full 0):
 garbage-first heap   total 362496K, used 282548K [0x0000000080000000, 0x0000000100000000)
  region size 1024K, 91 young (93184K), 3 survivors (3072K)
 Metaspace       used 96610K, committed 99072K, reserved 1138688K
  class space    used 10937K, committed 12032K, reserved 1048576K
}

